<?xml version="1.0" encoding="UTF-8"?>
<!-- Generated by org.testng.reporters.JUnitXMLReporter -->
<testsuite ignored="0" hostname="Rajendra-Laptop" failures="0" tests="4" name="Default test" time="230.758" errors="0" timestamp="2024-05-09T10:25:33 IST">
  <testcase classname="Computhink.Contentverse.CV_SendToWorkflowTestcase" name="SendToWorkFlow" time="74.231"/>
  <testcase classname="Computhink.Contentverse.CV_SendToWorkflowTestcase" name="WorflowVerify_By_First_User" time="72.508"/>
  <testcase classname="Computhink.Contentverse.CV_SendToWorkflowTestcase" name="WorflowVerify_By_Second_User" time="62.744"/>
  <testcase classname="Computhink.Contentverse.CV_SendToWorkflowTestcase" name="WorflowVerify_Reject" time="10.966"/>
</testsuite> <!-- Default test -->
