<?xml version="1.0" encoding="UTF-8"?>
<!-- Generated by org.testng.reporters.JUnitXMLReporter -->
<testsuite ignored="0" hostname="Rajendra-Laptop" failures="0" tests="4" name="Default test" time="192.48" errors="0" timestamp="2024-05-08T18:14:31 IST">
  <testcase classname="Computhink.Contentverse.CV_SendToWorkflowTestcase" name="SendToWorkFlow" time="73.991"/>
  <testcase classname="Computhink.Contentverse.CV_SendToWorkflowTestcase" name="WorflowVerify_By_First_User" time="35.315"/>
  <testcase classname="Computhink.Contentverse.CV_SendToWorkflowTestcase" name="WorflowVerify_By_Second_User" time="73.324"/>
  <testcase classname="Computhink.Contentverse.CV_SendToWorkflowTestcase" name="WorflowVerify_Reject" time="0.001"/>
</testsuite> <!-- Default test -->
