<?xml version="1.0" encoding="UTF-8"?>
<!-- Generated by org.testng.reporters.JUnitXMLReporter -->
<testsuite ignored="0" hostname="Rajendra-Laptop" failures="0" tests="6" name="Test" time="39.586" errors="0" timestamp="2024-05-06T17:46:39 IST">
  <testcase classname="Computhink.Contentverse.CV_LoginTestCase" name="check_InValid_UserName" time="0.914"/>
  <testcase classname="Computhink.Contentverse.CV_LoginTestCase" name="check_InValid_Password" time="1.004"/>
  <testcase classname="Computhink.Contentverse.CV_LoginTestCase" name="check_Blank_Username" time="0.386"/>
  <testcase classname="Computhink.Contentverse.CV_LoginTestCase" name="check_Blank_Password" time="0.371"/>
  <testcase classname="Computhink.Contentverse.CV_LoginTestCase" name="check_Select_Room" time="0.342"/>
  <testcase classname="Computhink.Contentverse.CV_LoginTestCase" name="Check_Valid_Credentials" time="23.935"/>
</testsuite> <!-- Test -->
