<?xml version="1.0" encoding="UTF-8"?>
<!-- Generated by org.testng.reporters.JUnitXMLReporter -->
<testsuite ignored="0" hostname="Rajendra-Laptop" failures="0" tests="4" name="Test" time="163.509" errors="0" timestamp="2024-05-08T19:02:40 IST">
  <testcase classname="Computhink.Contentverse.CV_SendToWorkflowTestcase" name="SendToWorkFlow" time="47.033"/>
  <testcase classname="Computhink.Contentverse.CV_SendToWorkflowTestcase" name="WorflowVerify_By_First_User" time="30.679"/>
  <testcase classname="Computhink.Contentverse.CV_SendToWorkflowTestcase" name="WorflowVerify_By_Second_User" time="18.802"/>
  <testcase classname="Computhink.Contentverse.CV_SendToWorkflowTestcase" name="WorflowVerify_Reject" time="56.759"/>
</testsuite> <!-- Test -->
