<?xml version="1.0" encoding="UTF-8"?>
<testng-results ignored="0" total="4" passed="4" failed="0" skipped="0">
  <reporter-output>
  </reporter-output>
  <suite started-at="2024-05-09T10:21:42 IST" name="Default suite" finished-at="2024-05-09T10:25:33 IST" duration-ms="230758">
    <groups>
    </groups>
    <test started-at="2024-05-09T10:21:42 IST" name="Default test" finished-at="2024-05-09T10:25:33 IST" duration-ms="230758">
      <class name="Computhink.Contentverse.CV_SendToWorkflowTestcase">
        <test-method is-config="true" signature="initalization()[pri:0, instance:Computhink.Contentverse.CV_SendToWorkflowTestcase@5524cca1]" started-at="2024-05-09T10:21:42 IST" name="initalization" finished-at="2024-05-09T10:21:45 IST" duration-ms="3198" status="PASS">
          <reporter-output>
          </reporter-output>
        </test-method> <!-- initalization -->
        <test-method signature="SendToWorkFlow()[pri:1, instance:Computhink.Contentverse.CV_SendToWorkflowTestcase@5524cca1]" started-at="2024-05-09T10:21:45 IST" name="SendToWorkFlow" finished-at="2024-05-09T10:22:59 IST" duration-ms="74231" status="PASS">
          <reporter-output>
          </reporter-output>
        </test-method> <!-- SendToWorkFlow -->
        <test-method is-config="true" signature="tearDown()[pri:0, instance:Computhink.Contentverse.CV_SendToWorkflowTestcase@5524cca1]" started-at="2024-05-09T10:22:59 IST" name="tearDown" finished-at="2024-05-09T10:23:00 IST" duration-ms="281" status="PASS">
          <reporter-output>
          </reporter-output>
        </test-method> <!-- tearDown -->
        <test-method is-config="true" signature="initalization()[pri:0, instance:Computhink.Contentverse.CV_SendToWorkflowTestcase@5524cca1]" started-at="2024-05-09T10:23:00 IST" name="initalization" finished-at="2024-05-09T10:23:02 IST" duration-ms="1917" status="PASS">
          <reporter-output>
          </reporter-output>
        </test-method> <!-- initalization -->
        <test-method signature="WorflowVerify_By_First_User()[pri:2, instance:Computhink.Contentverse.CV_SendToWorkflowTestcase@5524cca1]" started-at="2024-05-09T10:23:02 IST" name="WorflowVerify_By_First_User" finished-at="2024-05-09T10:24:14 IST" duration-ms="72508" status="PASS">
          <reporter-output>
          </reporter-output>
        </test-method> <!-- WorflowVerify_By_First_User -->
        <test-method is-config="true" signature="tearDown()[pri:0, instance:Computhink.Contentverse.CV_SendToWorkflowTestcase@5524cca1]" started-at="2024-05-09T10:24:14 IST" name="tearDown" finished-at="2024-05-09T10:24:14 IST" duration-ms="300" status="PASS">
          <reporter-output>
          </reporter-output>
        </test-method> <!-- tearDown -->
        <test-method is-config="true" signature="initalization()[pri:0, instance:Computhink.Contentverse.CV_SendToWorkflowTestcase@5524cca1]" started-at="2024-05-09T10:24:14 IST" name="initalization" finished-at="2024-05-09T10:24:17 IST" duration-ms="2105" status="PASS">
          <reporter-output>
          </reporter-output>
        </test-method> <!-- initalization -->
        <test-method signature="WorflowVerify_By_Second_User()[pri:3, instance:Computhink.Contentverse.CV_SendToWorkflowTestcase@5524cca1]" started-at="2024-05-09T10:24:17 IST" name="WorflowVerify_By_Second_User" finished-at="2024-05-09T10:25:19 IST" duration-ms="62744" status="PASS">
          <reporter-output>
          </reporter-output>
        </test-method> <!-- WorflowVerify_By_Second_User -->
        <test-method is-config="true" signature="tearDown()[pri:0, instance:Computhink.Contentverse.CV_SendToWorkflowTestcase@5524cca1]" started-at="2024-05-09T10:25:19 IST" name="tearDown" finished-at="2024-05-09T10:25:20 IST" duration-ms="204" status="PASS">
          <reporter-output>
          </reporter-output>
        </test-method> <!-- tearDown -->
        <test-method is-config="true" signature="initalization()[pri:0, instance:Computhink.Contentverse.CV_SendToWorkflowTestcase@5524cca1]" started-at="2024-05-09T10:25:20 IST" name="initalization" finished-at="2024-05-09T10:25:22 IST" duration-ms="1986" status="PASS">
          <reporter-output>
          </reporter-output>
        </test-method> <!-- initalization -->
        <test-method signature="WorflowVerify_Reject()[pri:4, instance:Computhink.Contentverse.CV_SendToWorkflowTestcase@5524cca1]" started-at="2024-05-09T10:25:22 IST" name="WorflowVerify_Reject" finished-at="2024-05-09T10:25:32 IST" duration-ms="10966" status="PASS">
          <reporter-output>
          </reporter-output>
        </test-method> <!-- WorflowVerify_Reject -->
        <test-method is-config="true" signature="tearDown()[pri:0, instance:Computhink.Contentverse.CV_SendToWorkflowTestcase@5524cca1]" started-at="2024-05-09T10:25:32 IST" name="tearDown" finished-at="2024-05-09T10:25:33 IST" duration-ms="267" status="PASS">
          <reporter-output>
          </reporter-output>
        </test-method> <!-- tearDown -->
      </class> <!-- Computhink.Contentverse.CV_SendToWorkflowTestcase -->
    </test> <!-- Default test -->
  </suite> <!-- Default suite -->
</testng-results>
